TN:
SF:C:\bench\workspace\case-study\client-entry.js
FNF:0
FNH:0
DA:3,1
LF:1
LH:1
BRF:0
BRH:0
end_of_record
TN:
SF:C:\bench\workspace\case-study\src\ui-core\case-study-provider.js
FN:7,CaseStudyProvider
FNF:1
FNH:1
FNDA:3,CaseStudyProvider
DA:8,3
DA:16,1
LF:2
LH:2
BRF:0
BRH:0
end_of_record
TN:
SF:C:\bench\workspace\case-study\src\ui-core\index.js
FN:7,(anonymous_0)
FNF:1
FNH:1
FNDA:2,(anonymous_0)
DA:8,2
DA:10,2
DA:15,2
DA:17,2
DA:19,2
LF:5
LH:5
BRF:0
BRH:0
end_of_record
TN:
SF:C:\bench\workspace\case-study\src\ui-core\initialize-store.js
FN:6,initializeStore
FNF:1
FNH:1
FNDA:1,initializeStore
DA:7,1
DA:8,1
DA:10,1
LF:3
LH:3
BRF:0
BRH:0
end_of_record
TN:
SF:C:\bench\workspace\case-study\src\ui-core\components\app.js
FN:6,App
FNF:1
FNH:1
FNDA:1,App
DA:7,1
LF:1
LH:1
BRF:0
BRH:0
end_of_record
TN:
SF:C:\bench\workspace\case-study\src\ui-core\components\product-overview\product-add-to-registry-list-share.js
FN:4,ProductAddToResitryAndListAndShare
FNF:1
FNH:1
FNDA:1,ProductAddToResitryAndListAndShare
DA:5,1
LF:1
LH:1
BRF:0
BRH:0
end_of_record
TN:
SF:C:\bench\workspace\case-study\src\ui-core\components\product-overview\product-callout.js
FN:4,mapPromotionToListItems
FN:5,(anonymous_1)
FN:17,getPromotionDetailCards
FN:25,ProductCallOut
FNF:4
FNH:4
FNDA:1,mapPromotionToListItems
FNDA:1,(anonymous_1)
FNDA:1,getPromotionDetailCards
FNDA:1,ProductCallOut
DA:5,1
DA:6,1
DA:18,1
DA:26,1
DA:28,1
LF:5
LH:5
BRF:0
BRH:0
end_of_record
TN:
SF:C:\bench\workspace\case-study\src\ui-core\components\product-overview\product-counter-input.js
FN:6,(anonymous_0)
FN:27,(anonymous_1)
FN:36,(anonymous_2)
FN:44,(anonymous_3)
FN:51,(anonymous_4)
FN:72,(anonymous_5)
FN:89,(anonymous_6)
FN:105,(anonymous_7)
FN:113,(anonymous_8)
FN:118,(anonymous_9)
FN:126,(anonymous_10)
FN:131,(anonymous_11)
FNF:12
FNH:12
FNDA:51,(anonymous_0)
FNDA:22,(anonymous_1)
FNDA:95,(anonymous_2)
FNDA:18,(anonymous_3)
FNDA:4,(anonymous_4)
FNDA:10,(anonymous_5)
FNDA:11,(anonymous_6)
FNDA:90,(anonymous_7)
FNDA:3,(anonymous_8)
FNDA:8,(anonymous_9)
FNDA:7,(anonymous_10)
FNDA:3,(anonymous_11)
DA:7,51
DA:9,51
DA:11,51
DA:28,22
DA:29,22
DA:31,22
DA:32,21
DA:37,95
DA:45,18
DA:48,18
DA:52,4
DA:55,4
DA:56,1
DA:57,3
DA:58,1
DA:59,2
DA:60,2
DA:63,2
DA:64,2
DA:67,0
DA:73,10
DA:74,0
DA:76,10
DA:79,10
DA:80,3
DA:82,7
DA:83,2
DA:90,11
DA:91,0
DA:93,11
DA:95,11
DA:96,3
DA:98,8
DA:99,3
DA:106,90
DA:107,90
DA:109,90
DA:114,3
DA:119,8
DA:127,7
DA:132,3
LF:41
LH:38
BRDA:12,0,0,4
BRDA:12,0,1,47
BRDA:12,1,0,4
BRDA:12,1,1,43
BRDA:13,2,0,51
BRDA:13,2,1,2
BRDA:14,3,0,51
BRDA:14,3,1,0
BRDA:15,4,0,51
BRDA:15,4,1,24
BRDA:17,5,0,0
BRDA:17,5,1,24
BRDA:17,6,0,24
BRDA:17,6,1,0
BRDA:19,7,0,51
BRDA:19,7,1,49
BRDA:21,8,0,0
BRDA:21,8,1,49
BRDA:21,9,0,49
BRDA:21,9,1,25
BRDA:23,10,0,51
BRDA:23,10,1,51
BRDA:31,11,0,21
BRDA:31,11,1,1
BRDA:31,12,0,22
BRDA:31,12,1,7
BRDA:31,12,2,2
BRDA:36,13,0,51
BRDA:55,14,0,1
BRDA:55,14,1,3
BRDA:57,15,0,1
BRDA:57,15,1,2
BRDA:57,16,0,3
BRDA:57,16,1,1
BRDA:57,16,2,2
BRDA:59,17,0,2
BRDA:59,17,1,0
BRDA:63,18,0,2
BRDA:63,18,1,0
BRDA:73,19,0,0
BRDA:73,19,1,10
BRDA:79,20,0,3
BRDA:79,20,1,7
BRDA:82,21,0,2
BRDA:82,21,1,5
BRDA:82,22,0,7
BRDA:82,22,1,5
BRDA:90,23,0,0
BRDA:90,23,1,11
BRDA:95,24,0,3
BRDA:95,24,1,8
BRDA:98,25,0,3
BRDA:98,25,1,5
BRDA:112,26,0,18
BRDA:112,26,1,72
BRDA:125,27,0,69
BRDA:125,27,1,21
BRF:57
BRH:49
end_of_record
TN:
SF:C:\bench\workspace\case-study\src\ui-core\components\product-overview\product-customer-review.js
FN:4,getCommonSection
FN:13,getProductNegativeReview
FN:31,getProductPositiveReview
FN:49,getStars
FN:58,getOverAllRating
FN:72,ProductCustomerReview
FNF:6
FNH:6
FNDA:2,getCommonSection
FNDA:1,getProductNegativeReview
FNDA:1,getProductPositiveReview
FNDA:1,getStars
FNDA:1,getOverAllRating
FNDA:1,ProductCustomerReview
DA:5,2
DA:14,1
DA:15,1
DA:16,1
DA:18,1
DA:32,1
DA:33,1
DA:34,1
DA:36,1
DA:50,1
DA:52,1
DA:53,1
DA:55,1
DA:59,1
DA:60,1
DA:61,1
DA:63,1
DA:73,1
DA:75,1
LF:19
LH:19
BRF:0
BRH:0
end_of_record
TN:
SF:C:\bench\workspace\case-study\src\ui-core\components\product-overview\product-details.js
FN:6,ProductDetails
FNF:1
FNH:1
FNDA:1,ProductDetails
DA:7,1
DA:9,1
LF:2
LH:2
BRF:0
BRH:0
end_of_record
TN:
SF:C:\bench\workspace\case-study\src\ui-core\components\product-overview\product-header.js
FN:3,ProductHeader
FNF:1
FNH:1
FNDA:1,ProductHeader
DA:4,1
DA:6,1
LF:2
LH:2
BRF:0
BRH:0
end_of_record
TN:
SF:C:\bench\workspace\case-study\src\ui-core\components\product-overview\product-highlights.js
FN:5,mapProductHighlightsToListItems
FN:6,(anonymous_1)
FN:17,getProductHighlights
FN:28,ProductHighlights
FNF:4
FNH:4
FNDA:2,mapProductHighlightsToListItems
FNDA:3,(anonymous_1)
FNDA:2,getProductHighlights
FNDA:2,ProductHighlights
DA:6,2
DA:7,3
DA:18,2
DA:29,2
DA:31,2
LF:5
LH:5
BRF:0
BRH:0
end_of_record
TN:
SF:C:\bench\workspace\case-study\src\ui-core\components\product-overview\product-image-carousal.js
FN:4,getCarousel
FN:5,(anonymous_1)
FN:14,ProductImageCarousal
FNF:3
FNH:3
FNDA:2,getCarousel
FNDA:5,(anonymous_1)
FNDA:2,ProductImageCarousal
DA:5,2
DA:6,5
DA:15,2
DA:16,2
DA:17,2
DA:19,2
LF:6
LH:6
BRF:0
BRH:0
end_of_record
TN:
SF:C:\bench\workspace\case-study\src\ui-core\components\product-overview\product-offer.js
FN:4,getHorizontalLine
FN:12,ProductOffer
FNF:2
FNH:2
FNDA:2,getHorizontalLine
FNDA:1,ProductOffer
DA:5,2
DA:13,1
DA:14,1
DA:15,1
DA:17,1
LF:5
LH:5
BRF:0
BRH:0
end_of_record
TN:
SF:C:\bench\workspace\case-study\src\ui-core\components\product-overview\product-pickup-cart.js
FN:4,showAddToCartButton
FN:10,(anonymous_1)
FN:20,showPickUpInStoreButton
FN:26,(anonymous_3)
FN:36,ProductPickUpAndAddToCartButton
FNF:5
FNH:3
FNDA:4,showAddToCartButton
FNDA:0,(anonymous_1)
FNDA:4,showPickUpInStoreButton
FNDA:0,(anonymous_3)
FNDA:4,ProductPickUpAndAddToCartButton
DA:5,4
DA:6,2
DA:17,2
DA:21,4
DA:22,2
DA:33,2
DA:37,4
DA:39,4
LF:8
LH:8
BRDA:5,0,0,2
BRDA:5,0,1,2
BRDA:5,1,0,4
BRDA:5,1,1,3
BRDA:21,2,0,2
BRDA:21,2,1,2
BRDA:21,3,0,4
BRDA:21,3,1,3
BRF:8
BRH:8
end_of_record
TN:
SF:C:\bench\workspace\case-study\src\ui-core\components\product-overview\product-quantity-button.js
FN:4,QuantityButton
FN:11,(anonymous_1)
FNF:2
FNH:1
FNDA:1,QuantityButton
FNDA:0,(anonymous_1)
DA:5,1
LF:1
LH:1
BRF:0
BRH:0
end_of_record
TN:
SF:C:\bench\workspace\case-study\src\ui-core\components\product-overview\product-returns.js
FN:4,getReturnPolicyCards
FN:13,ProductReturns
FNF:2
FNH:2
FNDA:1,getReturnPolicyCards
FNDA:1,ProductReturns
DA:5,1
DA:14,1
DA:16,1
LF:3
LH:3
BRF:0
BRH:0
end_of_record
TN:
SF:C:\bench\workspace\case-study\src\ui-core\components\product-overview\product.js
FN:12,(anonymous_0)
FN:16,(anonymous_1)
FNF:2
FNH:2
FNDA:1,(anonymous_0)
FNDA:1,(anonymous_1)
DA:13,1
DA:17,1
DA:18,1
LF:3
LH:3
BRF:0
BRH:0
end_of_record
TN:
SF:C:\bench\workspace\case-study\src\ui-core\constants\ajax-status.js
FNF:0
FNH:0
DA:2,1
DA:3,1
DA:4,1
DA:5,1
LF:4
LH:4
BRF:0
BRH:0
end_of_record
TN:
SF:C:\bench\workspace\case-study\src\ui-core\constants\text-constants.js
FNF:0
FNH:0
DA:1,1
DA:2,1
DA:3,1
DA:4,1
DA:5,1
DA:6,1
DA:7,1
DA:8,1
DA:9,1
LF:9
LH:9
BRF:0
BRH:0
end_of_record
TN:
SF:C:\bench\workspace\case-study\src\ui-core\containers\app-container.js
FN:6,mapStateToProps
FNF:1
FNH:1
FNDA:1,mapStateToProps
DA:7,1
DA:9,1
LF:2
LH:2
BRF:0
BRH:0
end_of_record
TN:
SF:C:\bench\workspace\case-study\src\ui-core\dux\helpers.js
FN:5,byId
FNF:1
FNH:1
FNDA:1,byId
DA:1,1
DA:6,1
LF:2
LH:2
BRDA:5,0,0,0
BRF:1
BRH:0
end_of_record
TN:
SF:C:\bench\workspace\case-study\src\ui-core\dux\index.js
FN:8,(anonymous_0)
FNF:1
FNH:1
FNDA:4,(anonymous_0)
DA:4,1
DA:9,4
LF:2
LH:2
BRF:0
BRH:0
end_of_record
TN:
SF:C:\bench\workspace\case-study\src\ui-core\dux\static-data\catalog-view.js
FN:8,updateStatus
FN:15,set
FN:29,applyById
FN:37,applyStatus
FN:50,getProductCollection
FN:54,getProduct
FNF:6
FNH:6
FNDA:11,updateStatus
FNDA:6,set
FNDA:13,applyById
FNDA:13,applyStatus
FNDA:1,getProductCollection
FNDA:1,getProduct
DA:5,1
DA:6,1
DA:9,11
DA:16,6
DA:22,1
DA:27,1
DA:30,13
DA:31,1
DA:34,12
DA:38,13
DA:39,1
DA:42,12
DA:51,1
DA:55,1
LF:14
LH:14
BRDA:29,0,0,10
BRDA:30,1,0,1
BRDA:30,1,1,12
BRDA:37,2,0,10
BRDA:38,3,0,1
BRDA:38,3,1,12
BRF:6
BRH:6
end_of_record
TN:
SF:C:\bench\workspace\case-study\src\ui-core\mappers\map-product-data.js
FN:1,mapProductData
FNF:1
FNH:1
FNDA:2,mapProductData
DA:13,2
DA:15,2
LF:2
LH:2
BRF:0
BRH:0
end_of_record
TN:
SF:C:\bench\workspace\case-study\src\ui-core\services\static-data.js
FN:3,renderJsonData
FNF:1
FNH:1
FNDA:1,renderJsonData
DA:4,1
LF:1
LH:1
BRF:0
BRH:0
end_of_record
TN:
SF:C:\bench\workspace\case-study\src\ui-core\thunks\fetch-all-data.js
FN:6,fetchData
FN:7,(anonymous_1)
FNF:2
FNH:2
FNDA:5,fetchData
FNDA:4,(anonymous_1)
DA:7,5
DA:10,4
DA:12,4
DA:14,4
DA:16,4
DA:17,4
LF:6
LH:6
BRF:0
BRH:0
end_of_record
TN:
SF:C:\bench\workspace\case-study\src\ui-core\thunks\fetch-all-static-data-and-init.js
FN:3,(anonymous_0)
FN:4,(anonymous_1)
FNF:2
FNH:2
FNDA:1,(anonymous_0)
FNDA:1,(anonymous_1)
DA:4,1
DA:5,1
LF:2
LH:2
BRF:0
BRH:0
end_of_record
